<?xml version="1.0" encoding="UTF-8"?>
<testsuite xmlns:xsi="http://www.w3.org/2001/XMLSchema-instance" xsi:noNamespaceSchemaLocation="https://maven.apache.org/surefire/maven-surefire-plugin/xsd/surefire-test-report.xsd" name="com.selimhorri.app.service.UserServiceImplTest" time="0.947" tests="7" errors="0" skipped="0" failures="0">
  <properties>
[...]
</properties>
  <testcase name="testFindByUsername_WhenUserExists_ShouldReturnUser" classname="com.selimhorri.app.service.UserServiceImplTest" time="0.893"/>
  <testcase name="testFindById_WhenUserNotExists_ShouldThrowException" classname="com.selimhorri.app.service.UserServiceImplTest" time="0.004"/>
  <testcase name="testFindById_WhenUserExists_ShouldReturnUser" classname="com.selimhorri.app.service.UserServiceImplTest" time="0.002"/>
  <testcase name="testFindByUsername_WhenUserNotExists_ShouldThrowException" classname="com.selimhorri.app.service.UserServiceImplTest" time="0.004"/>
  <testcase name="testDeleteById_ShouldDeleteUserSuccessfully" classname="com.selimhorri.app.service.UserServiceImplTest" time="0.007"/>
  <testcase name="testSave_ShouldSaveUserSuccessfully" classname="com.selimhorri.app.service.UserServiceImplTest" time="0.006"/>
  <testcase name="testFindAll_ShouldReturnAllUsers" classname="com.selimhorri.app.service.UserServiceImplTest" time="0.005"/>
</testsuite>